=== puma startup: 2017-11-08 23:57:43 +0530 ===
/Users/ankitmaheshwari/.rvm/gems/ruby-2.3.0/gems/puma-3.10.0/lib/puma/launcher.rb:130:in `initialize': No such file or directory @ rb_sysopen - /Users/ankitmaheshwari/workspace/rails/redesyn-blog-master/shared/pids/puma.pid (Errno::ENOENT)
	from /Users/ankitmaheshwari/.rvm/gems/ruby-2.3.0/gems/puma-3.10.0/lib/puma/launcher.rb:130:in `open'
	from /Users/ankitmaheshwari/.rvm/gems/ruby-2.3.0/gems/puma-3.10.0/lib/puma/launcher.rb:130:in `write_pid'
	from /Users/ankitmaheshwari/.rvm/gems/ruby-2.3.0/gems/puma-3.10.0/lib/puma/launcher.rb:103:in `write_state'
	from /Users/ankitmaheshwari/.rvm/gems/ruby-2.3.0/gems/puma-3.10.0/lib/puma/cluster.rb:445:in `run'
	from /Users/ankitmaheshwari/.rvm/gems/ruby-2.3.0/gems/puma-3.10.0/lib/puma/launcher.rb:183:in `run'
	from /Users/ankitmaheshwari/.rvm/gems/ruby-2.3.0/gems/puma-3.10.0/lib/rack/handler/puma.rb:69:in `run'
	from /Users/ankitmaheshwari/.rvm/gems/ruby-2.3.0/gems/rack-1.6.8/lib/rack/server.rb:287:in `start'
	from /Users/ankitmaheshwari/.rvm/gems/ruby-2.3.0/gems/railties-4.2.1/lib/rails/commands/server.rb:80:in `start'
	from /Users/ankitmaheshwari/.rvm/gems/ruby-2.3.0/gems/railties-4.2.1/lib/rails/commands/commands_tasks.rb:80:in `block in server'
	from /Users/ankitmaheshwari/.rvm/gems/ruby-2.3.0/gems/railties-4.2.1/lib/rails/commands/commands_tasks.rb:75:in `tap'
	from /Users/ankitmaheshwari/.rvm/gems/ruby-2.3.0/gems/railties-4.2.1/lib/rails/commands/commands_tasks.rb:75:in `server'
	from /Users/ankitmaheshwari/.rvm/gems/ruby-2.3.0/gems/railties-4.2.1/lib/rails/commands/commands_tasks.rb:39:in `run_command!'
	from /Users/ankitmaheshwari/.rvm/gems/ruby-2.3.0/gems/railties-4.2.1/lib/rails/commands.rb:17:in `<top (required)>'
	from /Users/ankitmaheshwari/workspace/rails/redesyn-blog-master/bin/rails:8:in `require'
	from /Users/ankitmaheshwari/workspace/rails/redesyn-blog-master/bin/rails:8:in `<top (required)>'
	from /Users/ankitmaheshwari/.rvm/gems/ruby-2.3.0/gems/spring-1.7.2/lib/spring/client/rails.rb:28:in `load'
	from /Users/ankitmaheshwari/.rvm/gems/ruby-2.3.0/gems/spring-1.7.2/lib/spring/client/rails.rb:28:in `call'
	from /Users/ankitmaheshwari/.rvm/gems/ruby-2.3.0/gems/spring-1.7.2/lib/spring/client/command.rb:7:in `call'
	from /Users/ankitmaheshwari/.rvm/gems/ruby-2.3.0/gems/spring-1.7.2/lib/spring/client.rb:30:in `run'
	from /Users/ankitmaheshwari/.rvm/gems/ruby-2.3.0/gems/spring-1.7.2/bin/spring:49:in `<top (required)>'
	from /Users/ankitmaheshwari/.rvm/gems/ruby-2.3.0/gems/spring-1.7.2/lib/spring/binstub.rb:11:in `load'
	from /Users/ankitmaheshwari/.rvm/gems/ruby-2.3.0/gems/spring-1.7.2/lib/spring/binstub.rb:11:in `<top (required)>'
	from /Users/ankitmaheshwari/workspace/rails/redesyn-blog-master/bin/spring:13:in `require'
	from /Users/ankitmaheshwari/workspace/rails/redesyn-blog-master/bin/spring:13:in `<top (required)>'
	from bin/rails:3:in `load'
	from bin/rails:3:in `<main>'
=== puma startup: 2017-11-08 23:58:11 +0530 ===
/Users/ankitmaheshwari/.rvm/gems/ruby-2.3.0/gems/puma-3.10.0/lib/puma/launcher.rb:130:in `initialize': No such file or directory @ rb_sysopen - /Users/ankitmaheshwari/workspace/rails/redesyn-blog-master/shared/pids/puma.pid (Errno::ENOENT)
	from /Users/ankitmaheshwari/.rvm/gems/ruby-2.3.0/gems/puma-3.10.0/lib/puma/launcher.rb:130:in `open'
	from /Users/ankitmaheshwari/.rvm/gems/ruby-2.3.0/gems/puma-3.10.0/lib/puma/launcher.rb:130:in `write_pid'
	from /Users/ankitmaheshwari/.rvm/gems/ruby-2.3.0/gems/puma-3.10.0/lib/puma/launcher.rb:103:in `write_state'
	from /Users/ankitmaheshwari/.rvm/gems/ruby-2.3.0/gems/puma-3.10.0/lib/puma/cluster.rb:445:in `run'
	from /Users/ankitmaheshwari/.rvm/gems/ruby-2.3.0/gems/puma-3.10.0/lib/puma/launcher.rb:183:in `run'
	from /Users/ankitmaheshwari/.rvm/gems/ruby-2.3.0/gems/puma-3.10.0/lib/rack/handler/puma.rb:69:in `run'
	from /Users/ankitmaheshwari/.rvm/gems/ruby-2.3.0/gems/rack-1.6.8/lib/rack/server.rb:287:in `start'
	from /Users/ankitmaheshwari/.rvm/gems/ruby-2.3.0/gems/railties-4.2.1/lib/rails/commands/server.rb:80:in `start'
	from /Users/ankitmaheshwari/.rvm/gems/ruby-2.3.0/gems/railties-4.2.1/lib/rails/commands/commands_tasks.rb:80:in `block in server'
	from /Users/ankitmaheshwari/.rvm/gems/ruby-2.3.0/gems/railties-4.2.1/lib/rails/commands/commands_tasks.rb:75:in `tap'
	from /Users/ankitmaheshwari/.rvm/gems/ruby-2.3.0/gems/railties-4.2.1/lib/rails/commands/commands_tasks.rb:75:in `server'
	from /Users/ankitmaheshwari/.rvm/gems/ruby-2.3.0/gems/railties-4.2.1/lib/rails/commands/commands_tasks.rb:39:in `run_command!'
	from /Users/ankitmaheshwari/.rvm/gems/ruby-2.3.0/gems/railties-4.2.1/lib/rails/commands.rb:17:in `<top (required)>'
	from /Users/ankitmaheshwari/workspace/rails/redesyn-blog-master/bin/rails:8:in `require'
	from /Users/ankitmaheshwari/workspace/rails/redesyn-blog-master/bin/rails:8:in `<top (required)>'
	from /Users/ankitmaheshwari/.rvm/gems/ruby-2.3.0/gems/spring-1.7.2/lib/spring/client/rails.rb:28:in `load'
	from /Users/ankitmaheshwari/.rvm/gems/ruby-2.3.0/gems/spring-1.7.2/lib/spring/client/rails.rb:28:in `call'
	from /Users/ankitmaheshwari/.rvm/gems/ruby-2.3.0/gems/spring-1.7.2/lib/spring/client/command.rb:7:in `call'
	from /Users/ankitmaheshwari/.rvm/gems/ruby-2.3.0/gems/spring-1.7.2/lib/spring/client.rb:30:in `run'
	from /Users/ankitmaheshwari/.rvm/gems/ruby-2.3.0/gems/spring-1.7.2/bin/spring:49:in `<top (required)>'
	from /Users/ankitmaheshwari/.rvm/gems/ruby-2.3.0/gems/spring-1.7.2/lib/spring/binstub.rb:11:in `load'
	from /Users/ankitmaheshwari/.rvm/gems/ruby-2.3.0/gems/spring-1.7.2/lib/spring/binstub.rb:11:in `<top (required)>'
	from /Users/ankitmaheshwari/workspace/rails/redesyn-blog-master/bin/spring:13:in `require'
	from /Users/ankitmaheshwari/workspace/rails/redesyn-blog-master/bin/spring:13:in `<top (required)>'
	from bin/rails:3:in `load'
	from bin/rails:3:in `<main>'
